2019-06-05T06:07:12.499Z - normal: Load ~/.CocosCreator/settings.json
2019-06-05T06:07:13.676Z - normal: Initializing Asset Database
2019-06-05T06:07:13.679Z - normal: checking language setting...
2019-06-05T06:07:13.679Z - normal: Language: zh
2019-06-05T06:07:14.397Z - success: preview server running at http://localhost:7456
2019-06-05T06:07:14.399Z - success: protocol editor-framework registered
2019-06-05T06:07:14.399Z - success: protocol app registered
2019-06-05T06:07:14.399Z - success: protocol theme registered
2019-06-05T06:07:14.400Z - success: protocol packages registered
2019-06-05T06:07:14.400Z - success: protocol uuid registerred
2019-06-05T06:07:14.400Z - success: protocol db registerred
2019-06-05T06:07:14.400Z - success: protocol thumbnail registerred
2019-06-05T06:07:14.400Z - success: protocol unpack registerred
2019-06-05T06:07:14.401Z - success: protocol disable-commonjs registerred
2019-06-05T06:07:14.584Z - normal: connected!
2019-06-05T06:07:14.585Z - normal: Check project C:\Users\User\Desktop\cocoscreator\cocoscreator-
2019-06-05T06:07:14.586Z - normal: Initializing project C:\Users\User\Desktop\cocoscreator\cocoscreator-
2019-06-05T06:07:15.016Z - normal: Initializing Cocos2d
2019-06-05T06:07:15.799Z - normal: Initializing engine extends
2019-06-05T06:07:15.818Z - success: asset-db-debugger loaded
2019-06-05T06:07:15.818Z - success: baidu-adapter loaded
2019-06-05T06:07:15.820Z - success: code-editor loaded
2019-06-05T06:07:15.820Z - success: color-picker loaded
2019-06-05T06:07:15.910Z - success: fb-audience-network loaded
2019-06-05T06:07:15.964Z - success: fb-live-stream loaded
2019-06-05T06:07:15.967Z - success: google-play-instant loaded
2019-06-05T06:07:15.972Z - success: huawei-runtime loaded
2019-06-05T06:07:15.973Z - success: jsb-adapter loaded
2019-06-05T06:07:15.977Z - success: oppo-runtime loaded
2019-06-05T06:07:15.979Z - success: package-manager loaded
2019-06-05T06:07:16.110Z - success: qqplay-adapter loaded
2019-06-05T06:07:16.112Z - success: runtime-dev-tools loaded
2019-06-05T06:07:16.115Z - success: sdkbox loaded
2019-06-05T06:07:16.118Z - success: tester loaded
2019-06-05T06:07:16.120Z - success: ui-grid loaded
2019-06-05T06:07:16.123Z - success: ui-kit-preview-extra loaded
2019-06-05T06:07:16.124Z - success: ui-kit-preview loaded
2019-06-05T06:07:16.126Z - success: ui-kit loaded
2019-06-05T06:07:16.127Z - success: ui-tree loaded
2019-06-05T06:07:16.131Z - success: vivo-runtime loaded
2019-06-05T06:07:16.132Z - success: weapp-adapter loaded
2019-06-05T06:07:16.170Z - success: assets loaded
2019-06-05T06:07:16.172Z - success: builder loaded
2019-06-05T06:07:16.450Z - success: cocos-services loaded
2019-06-05T06:07:16.453Z - success: console loaded
2019-06-05T06:07:16.500Z - success: fb-instant-games loaded
2019-06-05T06:07:16.501Z - success: google-instant-games loaded
2019-06-05T06:07:16.505Z - success: hierarchy loaded
2019-06-05T06:07:16.508Z - success: inspector loaded
2019-06-05T06:07:16.509Z - success: keystore loaded
2019-06-05T06:07:16.512Z - success: node-library loaded
2019-06-05T06:07:16.514Z - success: package-asset loaded
2019-06-05T06:07:16.515Z - success: preferences loaded
2019-06-05T06:07:16.516Z - success: project-exporter loaded
2019-06-05T06:07:16.517Z - success: project-importer loaded
2019-06-05T06:07:16.519Z - success: project-settings loaded
2019-06-05T06:07:16.528Z - success: scene loaded
2019-06-05T06:07:16.529Z - success: simulator-debugger loaded
2019-06-05T06:07:16.530Z - success: sprite-editor loaded
2019-06-05T06:07:16.534Z - success: store loaded
2019-06-05T06:07:16.536Z - success: timeline loaded
2019-06-05T06:07:16.539Z - success: bitmap-font loaded
2019-06-05T06:07:16.547Z - success: hot-update-tools loaded
2019-06-05T06:07:18.092Z - normal: Loading packages
2019-06-05T06:07:18.100Z - normal: Watching packages
2019-06-05T06:07:18.795Z - normal: Run Application
2019-06-05T06:07:19.124Z - info: Cocos Services load base data!
2019-06-05T06:08:04.775Z - error: TypeError: Cannot read property 'length' of null
    at Vue.onUpdateSaveName (C:\Users\User\.CocosCreator\packages\bitmap-font\panel\index.js:1:3779)
    at HTMLElement.<anonymous> (app://node_modules/vue/dist/vue.js:220:54)
    at HTMLElement._setFocused (D:\cocos\CocosCreator\resources\app.asar\editor-framework\lib\renderer\ui\behaviors\focusable.js:1:999)
    at Object.e._setFocusElement (D:\cocos\CocosCreator\resources\app.asar\editor-framework\lib\renderer\ui\utils\focus-mgr.js:1:2150)
    at HTMLElement.i.addEventListener.s (D:\cocos\CocosCreator\resources\app.asar\editor-framework\lib\renderer\ui\behaviors\button-state.js:1:1000)
    at Object.e.fire (D:\cocos\CocosCreator\resources\app.asar\editor-framework\lib\renderer\ui\utils\dom-utils.js:1:1797)
    at HTMLElement.<anonymous> (D:\cocos\CocosCreator\resources\app.asar\editor-framework\lib\renderer\ui\utils\dom-utils.js:1:2383)
